2023-09-25 14:24:48.568 [info] Reading sessions from keychain...
2023-09-25 14:24:48.568 [info] Getting sessions for all scopes...
2023-09-25 14:24:48.568 [info] Getting sessions for user:email...
2023-09-25 14:24:48.568 [info] Got stored sessions!
2023-09-25 14:24:48.568 [info] Got 1 verified sessions.
2023-09-25 14:24:48.568 [info] Got 1 sessions for ...
2023-09-25 14:24:48.568 [info] Got 1 sessions for user:email...
2023-09-25 14:24:48.568 [info] Getting sessions for all scopes...
2023-09-25 14:24:48.568 [info] Got 1 sessions for ...
2023-09-25 14:24:48.604 [info] Getting sessions for read:user,repo,user:email,workflow...
2023-09-25 14:24:48.604 [info] Got 0 sessions for read:user,repo,user:email,workflow...
2023-09-25 14:24:48.638 [info] Getting sessions for read:user,repo,user:email...
2023-09-25 14:24:48.638 [info] Got 0 sessions for read:user,repo,user:email...
2023-09-25 14:24:54.823 [info] Getting sessions for read:user...
2023-09-25 14:24:54.823 [info] Got 0 sessions for read:user...
2023-09-25 14:24:54.886 [info] Getting sessions for user:email...
2023-09-25 14:24:54.886 [info] Got 1 sessions for user:email...
2023-09-25 14:24:54.985 [info] Getting sessions for read:user,repo,user:email,workflow...
2023-09-25 14:24:54.985 [info] Got 0 sessions for read:user,repo,user:email,workflow...
2023-09-25 14:27:12.037 [info] Reading sessions from keychain...
2023-09-25 14:27:12.037 [info] Getting sessions for all scopes...
2023-09-25 14:27:12.037 [info] Getting sessions for user:email...
2023-09-25 14:27:12.037 [info] Got stored sessions!
2023-09-25 14:27:12.037 [info] Got 1 verified sessions.
2023-09-25 14:27:12.037 [info] Got 1 sessions for ...
2023-09-25 14:27:12.037 [info] Got 1 sessions for user:email...
2023-09-25 14:27:12.037 [info] Getting sessions for all scopes...
2023-09-25 14:27:12.037 [info] Got 1 sessions for ...
2023-09-25 14:27:12.037 [info] Getting sessions for read:user...
2023-09-25 14:27:12.037 [info] Got 0 sessions for read:user...
2023-09-25 14:27:12.080 [info] Getting sessions for read:user,repo,user:email,workflow...
2023-09-25 14:27:12.080 [info] Got 0 sessions for read:user,repo,user:email,workflow...
2023-09-25 14:27:12.080 [info] Getting sessions for user:email...
2023-09-25 14:27:12.080 [info] Got 1 sessions for user:email...
2023-09-25 14:27:12.118 [info] Getting sessions for read:user,repo,user:email,workflow...
2023-09-25 14:27:12.118 [info] Got 0 sessions for read:user,repo,user:email,workflow...
2023-09-25 14:27:12.118 [info] Getting sessions for read:user,repo,user:email...
2023-09-25 14:27:12.118 [info] Got 0 sessions for read:user,repo,user:email...
2023-09-25 14:27:36.422 [info] Logging in for the following scopes: user:email
2023-09-25 14:27:36.429 [info] Trying device code flow... (user:email)
2023-09-25 14:27:38.749 [error] User Cancelled
2023-09-25 14:27:43.337 [info] Getting sessions for user:email...
2023-09-25 14:27:43.337 [info] Got 1 sessions for user:email...
2023-09-25 14:29:44.451 [info] Logging in for the following scopes: user:email
2023-09-25 14:29:44.453 [info] Trying device code flow... (user:email)
2023-09-25 14:29:56.413 [info] Getting user info...
2023-09-25 14:29:56.589 [info] Got account info!
2023-09-25 14:29:56.590 [info] Storing 1 sessions...
2023-09-25 14:29:56.595 [info] Reading sessions from keychain...
2023-09-25 14:29:56.595 [info] Stored 1 sessions!
2023-09-25 14:29:56.596 [info] Login success!
2023-09-25 14:29:56.605 [info] Got stored sessions!
2023-09-25 14:29:56.605 [info] Got 1 verified sessions.
2023-09-25 14:29:56.607 [info] Getting sessions for user:email...
2023-09-25 14:29:56.607 [info] Got 1 sessions for user:email...
2023-09-25 14:29:56.607 [info] Getting sessions for user:email...
2023-09-25 14:29:56.607 [info] Got 1 sessions for user:email...
2023-09-25 14:29:56.607 [info] Getting sessions for user:email...
2023-09-25 14:29:56.607 [info] Got 1 sessions for user:email...
2023-09-25 14:29:56.608 [info] Getting sessions for read:user,repo,user:email,workflow...
2023-09-25 14:29:56.608 [info] Got 0 sessions for read:user,repo,user:email,workflow...
2023-09-25 14:29:56.608 [info] Getting sessions for read:user,repo,user:email,workflow...
2023-09-25 14:29:56.608 [info] Got 0 sessions for read:user,repo,user:email,workflow...
2023-09-25 14:29:56.610 [info] Getting sessions for read:user...
2023-09-25 14:29:56.610 [info] Got 0 sessions for read:user...
2023-09-25 14:29:56.610 [info] Getting sessions for read:user,repo,user:email...
2023-09-25 14:29:56.610 [info] Got 0 sessions for read:user,repo,user:email...
2023-09-25 14:29:56.611 [info] Getting sessions for user:email...
2023-09-25 14:29:56.612 [info] Got 1 sessions for user:email...
2023-09-25 14:32:17.077 [error] Canceled
2023-09-25 14:32:17.078 [error] Error: No auth flow succeeded.
    at t.GitHubServer.login (/opt/vscodium-bin/resources/app/extensions/github-authentication/dist/extension.js:2:650673)
    at t.GitHubAuthenticationProvider.createSession (/opt/vscodium-bin/resources/app/extensions/github-authentication/dist/extension.js:2:647146)
