2023-09-25 15:06:04.712 [info] Reading sessions from secret storage...
2023-09-25 15:06:04.764 [info] Got 0 stored sessions
2023-09-25 15:06:04.884 [info] Getting sessions for all scopes...
2023-09-25 15:06:04.884 [info] Got 0 sessions for all scopes...
2023-09-25 15:06:04.884 [info] Getting sessions for the following scopes: email offline_access openid profile
2023-09-25 15:06:04.884 [info] Got 0 sessions for scopes: email offline_access openid profile
2023-09-25 15:06:04.885 [info] Getting sessions for the following scopes: email offline_access openid profile
2023-09-25 15:06:04.885 [info] Got 0 sessions for scopes: email offline_access openid profile
2023-09-25 15:38:56.027 [info] Reading sessions from secret storage...
2023-09-25 15:38:56.027 [info] Got 0 stored sessions
2023-09-25 15:38:56.042 [info] Getting sessions for all scopes...
2023-09-25 15:38:56.042 [info] Got 0 sessions for all scopes...
2023-09-25 15:38:56.043 [info] Getting sessions for the following scopes: email offline_access openid profile
2023-09-25 15:38:56.043 [info] Got 0 sessions for scopes: email offline_access openid profile
2023-09-25 15:38:56.043 [info] Getting sessions for the following scopes: email offline_access openid profile
2023-09-25 15:38:56.043 [info] Got 0 sessions for scopes: email offline_access openid profile
2023-09-25 15:40:41.706 [info] Getting sessions for the following scopes: email offline_access openid profile
2023-09-25 15:40:41.706 [info] Got 0 sessions for scopes: email offline_access openid profile
2023-09-25 15:40:41.708 [info] Getting sessions for the following scopes: email offline_access openid profile
2023-09-25 15:40:41.708 [info] Got 0 sessions for scopes: email offline_access openid profile
2023-09-25 16:44:07.501 [info] Reading sessions from secret storage...
2023-09-25 16:44:07.501 [info] Got 0 stored sessions
2023-09-25 16:44:07.528 [info] Getting sessions for all scopes...
2023-09-25 16:44:07.528 [info] Got 0 sessions for all scopes...
2023-09-25 16:44:07.531 [info] Getting sessions for the following scopes: email offline_access openid profile
2023-09-25 16:44:07.531 [info] Got 0 sessions for scopes: email offline_access openid profile
2023-09-25 16:44:07.531 [info] Getting sessions for the following scopes: email offline_access openid profile
2023-09-25 16:44:07.531 [info] Got 0 sessions for scopes: email offline_access openid profile
2023-09-25 16:52:38.344 [info] Reading sessions from secret storage...
2023-09-25 16:52:38.424 [info] Got 0 stored sessions
2023-09-25 16:52:38.584 [info] Getting sessions for all scopes...
2023-09-25 16:52:38.584 [info] Got 0 sessions for all scopes...
2023-09-25 16:52:38.584 [info] Getting sessions for the following scopes: email offline_access openid profile
2023-09-25 16:52:38.584 [info] Got 0 sessions for scopes: email offline_access openid profile
2023-09-25 16:52:38.613 [info] Getting sessions for the following scopes: email offline_access openid profile
2023-09-25 16:52:38.613 [info] Got 0 sessions for scopes: email offline_access openid profile
2023-09-25 16:53:06.150 [info] Getting sessions for the following scopes: email offline_access openid profile
2023-09-25 16:53:06.150 [info] Got 0 sessions for scopes: email offline_access openid profile
2023-09-25 16:54:19.625 [info] Reading sessions from secret storage...
2023-09-25 16:54:20.120 [info] Got 0 stored sessions
2023-09-25 16:54:20.399 [info] Getting sessions for all scopes...
2023-09-25 16:54:20.399 [info] Got 0 sessions for all scopes...
2023-09-25 16:54:20.404 [info] Getting sessions for the following scopes: email offline_access openid profile
2023-09-25 16:54:20.404 [info] Got 0 sessions for scopes: email offline_access openid profile
2023-09-25 16:54:20.405 [info] Getting sessions for the following scopes: email offline_access openid profile
2023-09-25 16:54:20.405 [info] Got 0 sessions for scopes: email offline_access openid profile
2023-09-25 16:57:36.386 [info] Reading sessions from secret storage...
2023-09-25 16:57:36.413 [info] Got 0 stored sessions
2023-09-25 16:57:36.415 [info] Getting sessions for all scopes...
2023-09-25 16:57:36.415 [info] Got 0 sessions for all scopes...
2023-09-25 16:57:36.415 [info] Getting sessions for the following scopes: email offline_access openid profile
2023-09-25 16:57:36.415 [info] Got 0 sessions for scopes: email offline_access openid profile
2023-09-25 16:57:36.480 [info] Getting sessions for all scopes...
2023-09-25 16:57:36.480 [info] Got 0 sessions for all scopes...
2023-09-25 16:57:37.223 [info] Getting sessions for the following scopes: email offline_access openid profile
2023-09-25 16:57:37.223 [info] Got 0 sessions for scopes: email offline_access openid profile
