2023-09-25 15:06:04.814 [info] Configuration changed
2023-09-25 15:06:05.231 [info] Configuration changed
2023-09-25 15:06:05.501 [info] /home/daniel/.config/VSCodium/User/settings.json closed
2023-09-25 15:07:19.739 [info] Active editor: file:///home/daniel/Projects/node-spotify/src/App.tsx
2023-09-25 15:10:12.796 [info] /home/daniel/Projects/node-spotify/src/App.tsx closed
2023-09-25 15:10:12.796 [info] /home/daniel/Projects/node-spotify/src/App.tsx.git closed
2023-09-25 15:18:17.525 [info] Active editor: file:///home/daniel/Projects/node-spotify/src/App.tsx
2023-09-25 15:19:40.096 [info] Executing :w
2023-09-25 15:20:49.075 [info] Executing :w
2023-09-25 15:23:38.115 [info] Executing :w
2023-09-25 15:24:47.240 [info] Executing :w
2023-09-25 15:37:44.806 [info] Executing :w
2023-09-25 15:38:55.062 [info] Configuration changed
2023-09-25 15:38:55.867 [info] Configuration changed
2023-09-25 15:38:55.911 [info] Configuration changed
2023-09-25 15:38:55.918 [info] Configuration changed
2023-09-25 15:38:56.035 [info] Configuration changed
2023-09-25 15:39:06.238 [info] Active editor: file:///home/daniel/Projects/node-spotify/src/App.tsx
2023-09-25 15:40:03.512 [info] Active editor: file:///home/daniel/Projects/node-spotify/src/App.tsx
2023-09-25 15:41:37.013 [info] Active editor: vscode-userdata:/home/daniel/.config/VSCodium/User/settings.json
2023-09-25 15:41:37.323 [info] Configuration changed
2023-09-25 15:41:59.315 [info] Active editor: file:///home/daniel/Projects/node-spotify/src/App.tsx
2023-09-25 15:43:34.173 [info] Active editor: file:///home/daniel/Projects/node-spotify/src/App.css
2023-09-25 15:43:35.454 [info] Active editor: file:///home/daniel/Projects/node-spotify/src/App.tsx
2023-09-25 15:44:37.251 [info] /settings/user closed
2023-09-25 15:44:37.352 [info] /settings/resourceLanguage closed
2023-09-25 15:44:37.359 [info] /ignoredSettings closed
2023-09-25 15:44:37.400 [info] /launch closed
2023-09-25 15:44:37.410 [info] /token-styling closed
2023-09-25 15:44:37.410 [info] /textmate-colors closed
2023-09-25 15:44:37.415 [info] /workbench-colors closed
2023-09-25 15:46:54.966 [info] Executing :w
2023-09-25 15:47:37.293 [info] /settings/user closed
2023-09-25 15:47:37.454 [info] /settings/resourceLanguage closed
2023-09-25 15:47:37.455 [info] /ignoredSettings closed
2023-09-25 15:47:37.501 [info] /launch closed
2023-09-25 15:47:37.501 [info] /token-styling closed
2023-09-25 15:47:37.502 [info] /textmate-colors closed
2023-09-25 15:47:37.510 [info] /workbench-colors closed
2023-09-25 15:50:37.358 [info] /settings/user closed
2023-09-25 15:50:37.491 [info] /settings/resourceLanguage closed
2023-09-25 15:50:37.492 [info] /ignoredSettings closed
2023-09-25 15:50:37.596 [info] /launch closed
2023-09-25 15:50:37.615 [info] /token-styling closed
2023-09-25 15:50:37.616 [info] /textmate-colors closed
2023-09-25 15:50:37.618 [info] /workbench-colors closed
2023-09-25 15:53:37.413 [info] /settings/user closed
2023-09-25 15:53:37.519 [info] /settings/resourceLanguage closed
2023-09-25 15:53:37.520 [info] /ignoredSettings closed
2023-09-25 15:53:37.675 [info] /launch closed
2023-09-25 15:53:37.788 [info] /token-styling closed
2023-09-25 15:53:37.788 [info] /textmate-colors closed
2023-09-25 15:53:37.788 [info] /workbench-colors closed
2023-09-25 15:56:37.472 [info] /settings/user closed
2023-09-25 15:56:37.567 [info] /settings/resourceLanguage closed
2023-09-25 15:56:37.567 [info] /ignoredSettings closed
2023-09-25 15:56:37.765 [info] /launch closed
2023-09-25 15:56:37.881 [info] /token-styling closed
2023-09-25 15:56:37.881 [info] /textmate-colors closed
2023-09-25 15:56:37.882 [info] /workbench-colors closed
2023-09-25 15:59:37.530 [info] /settings/user closed
2023-09-25 15:59:37.642 [info] /settings/resourceLanguage closed
2023-09-25 15:59:37.643 [info] /ignoredSettings closed
2023-09-25 15:59:37.847 [info] /launch closed
2023-09-25 15:59:37.969 [info] /token-styling closed
2023-09-25 15:59:37.970 [info] /textmate-colors closed
2023-09-25 15:59:37.970 [info] /workbench-colors closed
2023-09-25 16:02:37.576 [info] /settings/user closed
2023-09-25 16:02:37.688 [info] /settings/resourceLanguage closed
2023-09-25 16:02:37.688 [info] /ignoredSettings closed
2023-09-25 16:02:37.947 [info] /launch closed
2023-09-25 16:02:38.068 [info] /token-styling closed
2023-09-25 16:02:38.068 [info] /textmate-colors closed
2023-09-25 16:02:38.068 [info] /workbench-colors closed
2023-09-25 16:43:24.990 [info] /settings/user closed
2023-09-25 16:43:25.094 [info] /settings/resourceLanguage closed
2023-09-25 16:43:25.094 [info] /ignoredSettings closed
2023-09-25 16:43:25.398 [info] /launch closed
2023-09-25 16:43:25.525 [info] /token-styling closed
2023-09-25 16:43:25.525 [info] /textmate-colors closed
2023-09-25 16:43:25.525 [info] /workbench-colors closed
2023-09-25 16:43:41.954 [info] Executing :w
2023-09-25 16:44:06.577 [info] Configuration changed
2023-09-25 16:44:07.313 [info] Configuration changed
2023-09-25 16:44:07.351 [info] Configuration changed
2023-09-25 16:44:07.356 [info] Configuration changed
2023-09-25 16:44:07.539 [info] Configuration changed
2023-09-25 16:47:06.406 [info] /settings/user closed
2023-09-25 16:47:07.695 [info] /settings/resourceLanguage closed
2023-09-25 16:47:07.742 [info] /launch closed
2023-09-25 16:47:07.742 [info] /token-styling closed
2023-09-25 16:47:07.743 [info] /textmate-colors closed
2023-09-25 16:47:07.746 [info] /workbench-colors closed
2023-09-25 16:47:08.324 [info] /ignoredSettings closed
2023-09-25 16:50:06.434 [info] /settings/user closed
2023-09-25 16:50:07.735 [info] /settings/resourceLanguage closed
2023-09-25 16:50:07.889 [info] /launch closed
2023-09-25 16:50:07.898 [info] /token-styling closed
2023-09-25 16:50:07.899 [info] /textmate-colors closed
2023-09-25 16:50:07.899 [info] /workbench-colors closed
2023-09-25 16:50:08.355 [info] /ignoredSettings closed
2023-09-25 16:52:22.516 [info] Configuration changed
2023-09-25 16:52:36.664 [info] Configuration changed
2023-09-25 16:52:37.197 [info] Configuration changed
2023-09-25 16:52:37.893 [info] Configuration changed
2023-09-25 16:52:38.726 [info] Configuration changed
2023-09-25 16:52:39.714 [info] Configuration changed
2023-09-25 16:52:43.120 [info] Configuration changed
2023-09-25 16:54:17.417 [info] Configuration changed
2023-09-25 16:54:17.632 [info] Configuration changed
2023-09-25 16:54:19.225 [info] Configuration changed
2023-09-25 16:54:19.298 [info] Configuration changed
2023-09-25 16:54:19.314 [info] Configuration changed
2023-09-25 16:54:19.356 [info] Configuration changed
2023-09-25 16:54:23.908 [info] Configuration changed
2023-09-25 16:54:55.796 [info] Active editor: file:///home/daniel/Projects/node-spotify/src/App.tsx
2023-09-25 16:55:05.586 [info] Active editor: file:///home/daniel/Projects/node-spotify/src/App.tsx
2023-09-25 16:56:14.609 [info] Configuration changed
2023-09-25 16:56:15.807 [info] Configuration changed
2023-09-25 16:57:19.790 [info] /settings/user closed
2023-09-25 16:57:20.421 [info] /settings/resourceLanguage closed
2023-09-25 16:57:20.424 [info] /ignoredSettings closed
2023-09-25 16:57:20.545 [info] /launch closed
2023-09-25 16:57:20.563 [info] /token-styling closed
2023-09-25 16:57:20.564 [info] /textmate-colors closed
2023-09-25 16:57:20.564 [info] /workbench-colors closed
2023-09-25 16:57:36.541 [info] Configuration changed
2023-09-25 16:57:36.581 [info] Configuration changed
2023-09-25 16:57:37.215 [info] Configuration changed
2023-09-25 16:57:37.251 [info] Configuration changed
2023-09-25 16:57:37.909 [info] Configuration changed
2023-09-25 16:57:52.276 [info] Active editor: file:///home/daniel/Projects/node-spotify/src/App.tsx
2023-09-25 16:58:28.982 [info] Executing :g
2023-09-25 16:59:31.118 [info] Executing :%
2023-09-25 16:59:44.337 [info] Executing :'<,'>%
