2023-09-25 14:21:02.377 [info] Reading sessions from keychain...
2023-09-25 14:21:02.377 [info] Getting sessions for all scopes...
2023-09-25 14:21:02.377 [info] Getting sessions for user:email...
2023-09-25 14:21:02.377 [info] Getting sessions for all scopes...
2023-09-25 14:21:02.377 [info] Got 0 sessions for ...
2023-09-25 14:21:02.377 [info] Got 0 sessions for user:email...
2023-09-25 14:21:02.377 [info] Got 0 sessions for ...
2023-09-25 14:21:11.700 [info] Getting sessions for user:email...
2023-09-25 14:21:11.700 [info] Got 0 sessions for user:email...
2023-09-25 14:21:13.103 [info] Logging in for the following scopes: user:email
2023-09-25 14:21:13.120 [info] Trying device code flow... (user:email)
2023-09-25 14:21:30.799 [info] Getting user info...
2023-09-25 14:21:30.971 [info] Got account info!
2023-09-25 14:21:30.972 [info] Storing 1 sessions...
2023-09-25 14:21:43.551 [info] Reading sessions from keychain...
2023-09-25 14:21:43.552 [info] Stored 1 sessions!
2023-09-25 14:21:43.552 [info] Login success!
2023-09-25 14:21:43.565 [info] Got stored sessions!
2023-09-25 14:21:43.565 [info] Got 1 verified sessions.
2023-09-25 14:21:43.566 [info] Getting sessions for user:email...
2023-09-25 14:21:43.566 [info] Got 1 sessions for user:email...
2023-09-25 14:21:43.566 [info] Getting sessions for user:email...
2023-09-25 14:21:43.566 [info] Got 1 sessions for user:email...
2023-09-25 14:21:48.791 [info] Getting sessions for read:user...
2023-09-25 14:21:48.791 [info] Got 0 sessions for read:user...
2023-09-25 14:21:48.800 [info] Getting sessions for read:user,repo,user:email,workflow...
2023-09-25 14:21:48.800 [info] Got 0 sessions for read:user,repo,user:email,workflow...
2023-09-25 14:21:48.801 [info] Getting sessions for user:email...
2023-09-25 14:21:48.801 [info] Got 1 sessions for user:email...
2023-09-25 14:21:48.801 [info] Getting sessions for read:user,repo,user:email...
2023-09-25 14:21:48.801 [info] Got 0 sessions for read:user,repo,user:email...
2023-09-25 14:21:52.387 [info] Getting sessions for read:user...
2023-09-25 14:21:52.387 [info] Got 0 sessions for read:user...
2023-09-25 14:21:52.388 [info] Getting sessions for user:email...
2023-09-25 14:21:52.388 [info] Got 1 sessions for user:email...
2023-09-25 14:21:54.549 [info] Logging in for the following scopes: user:email
2023-09-25 14:21:54.555 [info] Trying device code flow... (user:email)
2023-09-25 14:22:03.216 [info] Getting user info...
2023-09-25 14:22:11.430 [info] Got account info!
2023-09-25 14:22:11.430 [info] Storing 1 sessions...
2023-09-25 14:22:11.432 [info] Reading sessions from keychain...
2023-09-25 14:22:11.432 [info] Stored 1 sessions!
2023-09-25 14:22:11.432 [info] Login success!
2023-09-25 14:22:11.463 [info] Got stored sessions!
2023-09-25 14:22:11.463 [info] Got 1 verified sessions.
2023-09-25 14:22:11.463 [info] Getting sessions for user:email...
2023-09-25 14:22:11.463 [info] Got 1 sessions for user:email...
2023-09-25 14:22:11.464 [info] Getting sessions for read:user,repo,user:email,workflow...
2023-09-25 14:22:11.464 [info] Got 0 sessions for read:user,repo,user:email,workflow...
2023-09-25 14:22:11.464 [info] Getting sessions for read:user...
2023-09-25 14:22:11.464 [info] Got 0 sessions for read:user...
2023-09-25 14:22:11.465 [info] Getting sessions for read:user,repo,user:email...
2023-09-25 14:22:11.465 [info] Got 0 sessions for read:user,repo,user:email...
2023-09-25 14:22:11.465 [info] Getting sessions for user:email...
2023-09-25 14:22:11.465 [info] Got 1 sessions for user:email...
