2023-09-25 15:06:05.270 [info] Reading sessions from keychain...
2023-09-25 15:06:05.270 [info] Getting sessions for all scopes...
2023-09-25 15:06:05.270 [info] Getting sessions for user:email...
2023-09-25 15:06:05.270 [info] Getting sessions for user:email...
2023-09-25 15:06:05.270 [info] Got stored sessions!
2023-09-25 15:06:05.270 [info] Got 1 verified sessions.
2023-09-25 15:06:05.270 [info] Got 1 sessions for ...
2023-09-25 15:06:05.270 [info] Got 1 sessions for user:email...
2023-09-25 15:06:05.270 [info] Got 1 sessions for user:email...
2023-09-25 15:06:05.270 [info] Getting sessions for all scopes...
2023-09-25 15:06:05.270 [info] Got 1 sessions for ...
2023-09-25 15:06:05.270 [info] Getting sessions for read:user,repo,user:email,workflow...
2023-09-25 15:06:05.270 [info] Got 0 sessions for read:user,repo,user:email,workflow...
2023-09-25 15:06:05.270 [info] Getting sessions for read:user...
2023-09-25 15:06:05.270 [info] Got 0 sessions for read:user...
2023-09-25 15:06:05.276 [info] Getting sessions for read:user,repo,user:email,workflow...
2023-09-25 15:06:05.276 [info] Got 0 sessions for read:user,repo,user:email,workflow...
2023-09-25 15:06:05.276 [info] Getting sessions for user:email...
2023-09-25 15:06:05.276 [info] Got 1 sessions for user:email...
2023-09-25 15:06:05.292 [info] Getting sessions for read:user,repo,user:email...
2023-09-25 15:06:05.292 [info] Got 0 sessions for read:user,repo,user:email...
2023-09-25 15:31:05.749 [info] Getting sessions for read:user...
2023-09-25 15:31:05.749 [info] Got 0 sessions for read:user...
2023-09-25 15:31:05.752 [info] Getting sessions for user:email...
2023-09-25 15:31:05.753 [info] Got 1 sessions for user:email...
2023-09-25 15:38:56.017 [info] Reading sessions from keychain...
2023-09-25 15:38:56.017 [info] Getting sessions for all scopes...
2023-09-25 15:38:56.017 [info] Got stored sessions!
2023-09-25 15:38:56.017 [info] Got 1 verified sessions.
2023-09-25 15:38:56.017 [info] Got 1 sessions for ...
2023-09-25 15:38:56.017 [info] Getting sessions for all scopes...
2023-09-25 15:38:56.017 [info] Got 1 sessions for ...
2023-09-25 15:38:56.017 [info] Getting sessions for read:user,repo,user:email,workflow...
2023-09-25 15:38:56.017 [info] Got 0 sessions for read:user,repo,user:email,workflow...
2023-09-25 15:38:56.017 [info] Getting sessions for read:user...
2023-09-25 15:38:56.017 [info] Got 0 sessions for read:user...
2023-09-25 15:38:56.043 [info] Getting sessions for read:user,repo,user:email,workflow...
2023-09-25 15:38:56.043 [info] Got 0 sessions for read:user,repo,user:email,workflow...
2023-09-25 15:38:56.043 [info] Getting sessions for user:email...
2023-09-25 15:38:56.043 [info] Got 1 sessions for user:email...
2023-09-25 15:38:56.052 [info] Getting sessions for user:email...
2023-09-25 15:38:56.052 [info] Got 1 sessions for user:email...
2023-09-25 15:38:56.052 [info] Getting sessions for user:email...
2023-09-25 15:38:56.052 [info] Got 1 sessions for user:email...
2023-09-25 15:38:56.053 [info] Getting sessions for all scopes...
2023-09-25 15:38:56.053 [info] Got 1 sessions for ...
2023-09-25 15:38:56.067 [info] Getting sessions for read:user,repo,user:email...
2023-09-25 15:38:56.067 [info] Got 0 sessions for read:user,repo,user:email...
2023-09-25 15:40:41.708 [info] Getting sessions for user:email...
2023-09-25 15:40:41.708 [info] Got 1 sessions for user:email...
2023-09-25 15:40:41.709 [info] Getting sessions for user:email...
2023-09-25 15:40:41.709 [info] Got 1 sessions for user:email...
2023-09-25 15:40:48.955 [info] Logging in for the following scopes: read:user repo user:email
2023-09-25 15:40:48.964 [info] Trying device code flow... (read:user repo user:email)
2023-09-25 15:41:06.088 [error] User Cancelled
2023-09-25 16:03:56.456 [info] Getting sessions for read:user...
2023-09-25 16:03:56.456 [info] Got 0 sessions for read:user...
2023-09-25 16:03:56.457 [info] Getting sessions for user:email...
2023-09-25 16:03:56.457 [info] Got 1 sessions for user:email...
2023-09-25 16:44:04.815 [error] Canceled
2023-09-25 16:44:04.815 [error] Error: No auth flow succeeded.
    at t.GitHubServer.login (/opt/vscodium-bin/resources/app/extensions/github-authentication/dist/extension.js:2:650673)
    at t.GitHubAuthenticationProvider.createSession (/opt/vscodium-bin/resources/app/extensions/github-authentication/dist/extension.js:2:647146)
2023-09-25 16:44:07.424 [info] Reading sessions from keychain...
2023-09-25 16:44:07.426 [info] Getting sessions for all scopes...
2023-09-25 16:44:07.426 [info] Getting sessions for all scopes...
2023-09-25 16:44:07.426 [info] Got stored sessions!
2023-09-25 16:44:07.426 [info] Got 1 verified sessions.
2023-09-25 16:44:07.426 [info] Got 1 sessions for ...
2023-09-25 16:44:07.426 [info] Got 1 sessions for ...
2023-09-25 16:44:07.426 [info] Getting sessions for read:user...
2023-09-25 16:44:07.426 [info] Got 0 sessions for read:user...
2023-09-25 16:44:07.531 [info] Getting sessions for all scopes...
2023-09-25 16:44:07.531 [info] Got 1 sessions for ...
2023-09-25 16:44:07.542 [info] Getting sessions for read:user,repo,user:email,workflow...
2023-09-25 16:44:07.542 [info] Got 0 sessions for read:user,repo,user:email,workflow...
2023-09-25 16:44:07.542 [info] Getting sessions for read:user,repo,user:email,workflow...
2023-09-25 16:44:07.542 [info] Got 0 sessions for read:user,repo,user:email,workflow...
2023-09-25 16:44:07.552 [info] Getting sessions for user:email...
2023-09-25 16:44:07.553 [info] Got 1 sessions for user:email...
2023-09-25 16:44:07.553 [info] Getting sessions for user:email...
2023-09-25 16:44:07.553 [info] Got 1 sessions for user:email...
2023-09-25 16:44:07.554 [info] Getting sessions for user:email...
2023-09-25 16:44:07.554 [info] Got 1 sessions for user:email...
2023-09-25 16:44:07.606 [info] Getting sessions for read:user,repo,user:email...
2023-09-25 16:44:07.606 [info] Got 0 sessions for read:user,repo,user:email...
2023-09-25 16:52:22.986 [info] Getting sessions for read:user...
2023-09-25 16:52:22.986 [info] Got 0 sessions for read:user...
2023-09-25 16:52:37.378 [info] Reading sessions from keychain...
2023-09-25 16:52:37.378 [info] Getting sessions for all scopes...
2023-09-25 16:52:37.378 [info] Got stored sessions!
2023-09-25 16:52:37.378 [info] Got 1 verified sessions.
2023-09-25 16:52:37.378 [info] Got 1 sessions for ...
2023-09-25 16:52:37.380 [info] Getting sessions for read:user...
2023-09-25 16:52:37.380 [info] Got 0 sessions for read:user...
2023-09-25 16:52:37.380 [info] Getting sessions for read:user,repo,user:email,workflow...
2023-09-25 16:52:37.380 [info] Got 0 sessions for read:user,repo,user:email,workflow...
2023-09-25 16:52:37.479 [info] Getting sessions for all scopes...
2023-09-25 16:52:37.480 [info] Got 1 sessions for ...
2023-09-25 16:52:37.767 [info] Getting sessions for read:user,repo,user:email,workflow...
2023-09-25 16:52:37.767 [info] Got 0 sessions for read:user,repo,user:email,workflow...
2023-09-25 16:52:38.108 [info] Getting sessions for read:user,repo,user:email...
2023-09-25 16:52:38.108 [info] Got 0 sessions for read:user,repo,user:email...
2023-09-25 16:52:38.587 [info] Getting sessions for user:email...
2023-09-25 16:52:38.588 [info] Got 1 sessions for user:email...
2023-09-25 16:52:38.630 [info] Getting sessions for user:email...
2023-09-25 16:52:38.630 [info] Got 1 sessions for user:email...
2023-09-25 16:52:38.634 [info] Getting sessions for all scopes...
2023-09-25 16:52:38.634 [info] Got 1 sessions for ...
2023-09-25 16:52:43.946 [info] Getting sessions for read:user...
2023-09-25 16:52:43.947 [info] Got 0 sessions for read:user...
2023-09-25 16:52:43.948 [info] Getting sessions for user:email...
2023-09-25 16:52:43.948 [info] Got 1 sessions for user:email...
2023-09-25 16:52:51.047 [info] Getting sessions for read:user...
2023-09-25 16:52:51.047 [info] Got 0 sessions for read:user...
2023-09-25 16:52:53.059 [info] Logging in for the following scopes: read:user
2023-09-25 16:52:53.067 [info] Trying device code flow... (read:user)
2023-09-25 16:53:05.942 [info] Getting user info...
2023-09-25 16:53:06.146 [info] Got account info!
2023-09-25 16:53:06.147 [info] Storing 2 sessions...
2023-09-25 16:53:06.149 [info] Reading sessions from keychain...
2023-09-25 16:53:06.149 [info] Stored 2 sessions!
2023-09-25 16:53:06.149 [info] Login success!
2023-09-25 16:53:06.154 [info] Got stored sessions!
2023-09-25 16:53:06.154 [info] Got 2 verified sessions.
2023-09-25 16:53:06.155 [info] Getting sessions for user:email...
2023-09-25 16:53:06.155 [info] Got 1 sessions for user:email...
2023-09-25 16:53:06.157 [info] Getting sessions for read:user,repo,user:email,workflow...
2023-09-25 16:53:06.157 [info] Got 0 sessions for read:user,repo,user:email,workflow...
2023-09-25 16:53:06.157 [info] Getting sessions for read:user,repo,user:email,workflow...
2023-09-25 16:53:06.157 [info] Got 0 sessions for read:user,repo,user:email,workflow...
2023-09-25 16:53:06.157 [info] Getting sessions for user:email...
2023-09-25 16:53:06.157 [info] Got 1 sessions for user:email...
2023-09-25 16:53:06.159 [info] Getting sessions for read:user,repo,user:email...
2023-09-25 16:53:06.159 [info] Got 0 sessions for read:user,repo,user:email...
2023-09-25 16:53:06.160 [info] Getting sessions for read:user...
2023-09-25 16:53:06.160 [info] Got 1 sessions for read:user...
2023-09-25 16:54:19.587 [info] Reading sessions from keychain...
2023-09-25 16:54:19.587 [info] Getting sessions for all scopes...
2023-09-25 16:54:19.587 [info] Got stored sessions!
2023-09-25 16:54:19.587 [info] Got 2 verified sessions.
2023-09-25 16:54:19.587 [info] Got 2 sessions for ...
2023-09-25 16:54:19.587 [info] Getting sessions for read:user,repo,user:email,workflow...
2023-09-25 16:54:19.587 [info] Got 0 sessions for read:user,repo,user:email,workflow...
2023-09-25 16:54:19.587 [info] Getting sessions for read:user...
2023-09-25 16:54:19.587 [info] Got 1 sessions for read:user...
2023-09-25 16:54:20.399 [info] Getting sessions for read:user,repo,user:email,workflow...
2023-09-25 16:54:20.399 [info] Got 0 sessions for read:user,repo,user:email,workflow...
2023-09-25 16:54:20.618 [info] Getting sessions for user:email...
2023-09-25 16:54:20.618 [info] Got 1 sessions for user:email...
2023-09-25 16:54:20.619 [info] Getting sessions for user:email...
2023-09-25 16:54:20.619 [info] Got 1 sessions for user:email...
2023-09-25 16:54:20.639 [info] Getting sessions for read:user,repo,user:email...
2023-09-25 16:54:20.639 [info] Got 0 sessions for read:user,repo,user:email...
2023-09-25 16:54:20.652 [info] Getting sessions for all scopes...
2023-09-25 16:54:20.652 [info] Got 2 sessions for ...
2023-09-25 16:54:24.171 [info] Getting sessions for read:user...
2023-09-25 16:54:24.171 [info] Got 1 sessions for read:user...
2023-09-25 16:57:36.563 [info] Reading sessions from keychain...
2023-09-25 16:57:36.563 [info] Getting sessions for all scopes...
2023-09-25 16:57:36.563 [info] Getting sessions for user:email...
2023-09-25 16:57:36.594 [info] Got stored sessions!
2023-09-25 16:57:36.594 [info] Got 2 verified sessions.
2023-09-25 16:57:36.594 [info] Got 2 sessions for ...
2023-09-25 16:57:36.594 [info] Got 1 sessions for user:email...
2023-09-25 16:57:36.819 [info] Getting sessions for read:user,repo,user:email,workflow...
2023-09-25 16:57:36.819 [info] Got 0 sessions for read:user,repo,user:email,workflow...
2023-09-25 16:57:37.211 [info] Getting sessions for all scopes...
2023-09-25 16:57:37.211 [info] Got 2 sessions for ...
2023-09-25 16:57:37.253 [info] Getting sessions for user:email...
2023-09-25 16:57:37.253 [info] Got 1 sessions for user:email...
2023-09-25 16:57:37.275 [info] Getting sessions for read:user...
2023-09-25 16:57:37.275 [info] Got 1 sessions for read:user...
2023-09-25 16:57:37.275 [info] Getting sessions for read:user...
2023-09-25 16:57:37.275 [info] Got 1 sessions for read:user...
2023-09-25 16:57:37.287 [info] Getting sessions for read:user,repo,user:email,workflow...
2023-09-25 16:57:37.287 [info] Got 0 sessions for read:user,repo,user:email,workflow...
2023-09-25 16:57:37.305 [info] Getting sessions for read:user,repo,user:email...
2023-09-25 16:57:37.305 [info] Got 0 sessions for read:user,repo,user:email...
