2023-09-25 15:07:19.748 [info] Starting TS Server undefined
2023-09-25 15:07:19.748 [info] Using tsserver from: /opt/vscodium-bin/resources/app/extensions/node_modules/typescript/lib/tsserver.js undefined
2023-09-25 15:07:19.748 [info] <syntax> Forking...
2023-09-25 15:07:19.748 [info] <syntax> Starting...
2023-09-25 15:07:19.748 [info] <semantic> Forking...
2023-09-25 15:07:19.748 [info] <semantic> Starting...
2023-09-25 15:38:53.340 [error] TSServer exited. Code: null. Signal: SIGTERM
2023-09-25 15:38:53.340 [info] Starting TS Server undefined
2023-09-25 15:38:53.340 [info] Not starting server: disposed undefined
2023-09-25 15:38:54.576 [info] Starting TS Server undefined
2023-09-25 15:38:54.576 [info] Using tsserver from: /opt/vscodium-bin/resources/app/extensions/node_modules/typescript/lib/tsserver.js undefined
2023-09-25 15:38:54.576 [info] <syntax> Forking...
2023-09-25 15:38:54.576 [info] <syntax> Starting...
2023-09-25 15:38:54.576 [info] <semantic> Forking...
2023-09-25 15:38:54.576 [info] <semantic> Starting...
2023-09-25 16:44:06.131 [info] Starting TS Server undefined
2023-09-25 16:44:06.131 [info] Using tsserver from: /opt/vscodium-bin/resources/app/extensions/node_modules/typescript/lib/tsserver.js undefined
2023-09-25 16:44:06.131 [info] <syntax> Forking...
2023-09-25 16:44:06.131 [info] <syntax> Starting...
2023-09-25 16:44:06.131 [info] <semantic> Forking...
2023-09-25 16:44:06.131 [info] <semantic> Starting...
2023-09-25 16:52:33.554 [error] TSServer exited. Code: null. Signal: SIGTERM
2023-09-25 16:52:33.554 [info] Starting TS Server undefined
2023-09-25 16:52:33.554 [info] Not starting server: disposed undefined
2023-09-25 16:52:35.494 [info] Starting TS Server undefined
2023-09-25 16:52:35.494 [info] Using tsserver from: /opt/vscodium-bin/resources/app/extensions/node_modules/typescript/lib/tsserver.js undefined
2023-09-25 16:52:35.494 [info] <syntax> Forking...
2023-09-25 16:52:35.494 [info] <syntax> Starting...
2023-09-25 16:52:35.494 [info] <semantic> Forking...
2023-09-25 16:52:35.494 [info] <semantic> Starting...
2023-09-25 16:54:16.401 [info] Starting TS Server undefined
2023-09-25 16:54:16.404 [info] Using tsserver from: /opt/vscodium-bin/resources/app/extensions/node_modules/typescript/lib/tsserver.js undefined
2023-09-25 16:54:16.404 [info] <syntax> Forking...
2023-09-25 16:54:16.404 [info] <syntax> Starting...
2023-09-25 16:54:16.404 [info] <semantic> Forking...
2023-09-25 16:54:16.404 [info] <semantic> Starting...
2023-09-25 16:57:52.393 [info] Starting TS Server undefined
2023-09-25 16:57:52.393 [info] Using tsserver from: /opt/vscodium-bin/resources/app/extensions/node_modules/typescript/lib/tsserver.js undefined
2023-09-25 16:57:52.393 [info] <syntax> Forking...
2023-09-25 16:57:52.393 [info] <syntax> Starting...
2023-09-25 16:57:52.393 [info] <semantic> Forking...
2023-09-25 16:57:52.393 [info] <semantic> Starting...
