2023-09-25 15:06:04.716 [info] Log level: Info
2023-09-25 15:06:04.716 [info] Validating found git in: "git"
2023-09-25 15:06:04.716 [info] Using git "2.42.0" from "git"
2023-09-25 15:06:04.716 [info] > git rev-parse --show-toplevel [5ms]
2023-09-25 15:06:04.717 [info] > git rev-parse --git-dir --git-common-dir [1ms]
2023-09-25 15:06:04.725 [info] Open repository: /home/daniel/Projects/node-spotify
2023-09-25 15:06:04.737 [info] > git config --get commit.template [6ms]
2023-09-25 15:06:04.738 [info] > git rev-parse --show-toplevel [2ms]
2023-09-25 15:06:04.750 [info] > git rev-parse --show-toplevel [1ms]
2023-09-25 15:06:04.751 [info] > git for-each-ref --format=%(refname)%00%(upstream:short)%00%(objectname)%00%(upstream:track)%00%(upstream:remotename)%00%(upstream:remoteref) refs/heads/main refs/remotes/main [8ms]
2023-09-25 15:06:04.765 [info] > git status -z -uall [8ms]
2023-09-25 15:06:04.781 [info] > git config --get commit.template [6ms]
2023-09-25 15:06:04.788 [info] > git for-each-ref --format=%(refname)%00%(upstream:short)%00%(objectname)%00%(upstream:track)%00%(upstream:remotename)%00%(upstream:remoteref) refs/heads/main refs/remotes/main [1ms]
2023-09-25 15:06:04.796 [info] > git status -z -uall [4ms]
2023-09-25 15:06:05.363 [info] > git check-ignore -v -z --stdin [30ms]
2023-09-25 15:06:37.130 [info] > git config --get commit.template [1ms]
2023-09-25 15:06:37.138 [info] > git for-each-ref --format=%(refname)%00%(upstream:short)%00%(objectname)%00%(upstream:track)%00%(upstream:remotename)%00%(upstream:remoteref) refs/heads/main refs/remotes/main [1ms]
2023-09-25 15:06:37.147 [info] > git status -z -uall [3ms]
2023-09-25 15:07:17.772 [info] > git check-ignore -v -z --stdin [1ms]
2023-09-25 15:07:20.053 [info] > git show --textconv :src/App.tsx [18ms]
2023-09-25 15:07:20.057 [info] > git ls-files --stage -- /home/daniel/Projects/node-spotify/src/App.tsx [5ms]
2023-09-25 15:07:20.067 [info] > git cat-file -s a53698aab3c66049c61980112dd0109dd2cd0845 [2ms]
2023-09-25 15:18:17.768 [info] > git show --textconv :src/App.tsx [13ms]
2023-09-25 15:18:17.770 [info] > git ls-files --stage -- /home/daniel/Projects/node-spotify/src/App.tsx [3ms]
2023-09-25 15:18:17.778 [info] > git cat-file -s a53698aab3c66049c61980112dd0109dd2cd0845 [1ms]
2023-09-25 15:19:41.219 [info] > git config --get commit.template [12ms]
2023-09-25 15:19:41.219 [info] > git for-each-ref --format=%(refname)%00%(upstream:short)%00%(objectname)%00%(upstream:track)%00%(upstream:remotename)%00%(upstream:remoteref) refs/heads/main refs/remotes/main [2ms]
2023-09-25 15:19:41.233 [info] > git status -z -uall [5ms]
2023-09-25 15:20:00.463 [info] > git ls-files --stage -- /home/daniel/Projects/node-spotify/src/App.tsx [1ms]
2023-09-25 15:20:00.471 [info] > git cat-file -s a53698aab3c66049c61980112dd0109dd2cd0845 [1ms]
2023-09-25 15:20:50.180 [info] > git config --get commit.template [7ms]
2023-09-25 15:20:50.180 [info] > git for-each-ref --format=%(refname)%00%(upstream:short)%00%(objectname)%00%(upstream:track)%00%(upstream:remotename)%00%(upstream:remoteref) refs/heads/main refs/remotes/main [2ms]
2023-09-25 15:20:50.196 [info] > git status -z -uall [6ms]
2023-09-25 15:21:02.692 [info] > git config --get commit.template [13ms]
2023-09-25 15:21:02.693 [info] > git for-each-ref --format=%(refname)%00%(upstream:short)%00%(objectname)%00%(upstream:track)%00%(upstream:remotename)%00%(upstream:remoteref) refs/heads/main refs/remotes/main [2ms]
2023-09-25 15:21:02.706 [info] > git status -z -uall [5ms]
2023-09-25 15:23:39.243 [info] > git config --get commit.template [15ms]
2023-09-25 15:23:39.244 [info] > git for-each-ref --format=%(refname)%00%(upstream:short)%00%(objectname)%00%(upstream:track)%00%(upstream:remotename)%00%(upstream:remoteref) refs/heads/main refs/remotes/main [2ms]
2023-09-25 15:23:39.259 [info] > git status -z -uall [5ms]
2023-09-25 15:24:48.353 [info] > git config --get commit.template [8ms]
2023-09-25 15:24:48.353 [info] > git for-each-ref --format=%(refname)%00%(upstream:short)%00%(objectname)%00%(upstream:track)%00%(upstream:remotename)%00%(upstream:remoteref) refs/heads/main refs/remotes/main [1ms]
2023-09-25 15:24:48.363 [info] > git status -z -uall [3ms]
2023-09-25 15:24:53.401 [info] > git for-each-ref --format=%(refname)%00%(upstream:short)%00%(objectname)%00%(upstream:track)%00%(upstream:remotename)%00%(upstream:remoteref) refs/heads/main refs/remotes/main [2ms]
2023-09-25 15:24:53.401 [info] > git config --get commit.template [16ms]
2023-09-25 15:24:53.413 [info] > git status -z -uall [4ms]
2023-09-25 15:29:53.877 [info] > git config --get commit.template [13ms]
2023-09-25 15:29:53.877 [info] > git for-each-ref --format=%(refname)%00%(upstream:short)%00%(objectname)%00%(upstream:track)%00%(upstream:remotename)%00%(upstream:remoteref) refs/heads/main refs/remotes/main [2ms]
2023-09-25 15:29:53.892 [info] > git status -z -uall [5ms]
2023-09-25 15:37:45.934 [info] > git config --get commit.template [13ms]
2023-09-25 15:37:45.935 [info] > git for-each-ref --format=%(refname)%00%(upstream:short)%00%(objectname)%00%(upstream:track)%00%(upstream:remotename)%00%(upstream:remoteref) refs/heads/main refs/remotes/main [3ms]
2023-09-25 15:37:45.950 [info] > git status -z -uall [6ms]
2023-09-25 15:38:55.077 [info] Log level: Info
2023-09-25 15:38:55.077 [info] Validating found git in: "git"
2023-09-25 15:38:55.077 [info] Using git "2.42.0" from "git"
2023-09-25 15:38:55.081 [info] > git rev-parse --show-toplevel [4ms]
2023-09-25 15:38:55.127 [info] > git rev-parse --git-dir --git-common-dir [3ms]
2023-09-25 15:38:55.138 [info] Open repository: /home/daniel/Projects/node-spotify
2023-09-25 15:38:55.172 [info] > git rev-parse --show-toplevel [6ms]
2023-09-25 15:38:55.172 [info] > git config --get commit.template [14ms]
2023-09-25 15:38:55.193 [info] > git rev-parse --show-toplevel [12ms]
2023-09-25 15:38:55.200 [info] > git for-each-ref --format=%(refname)%00%(upstream:short)%00%(objectname)%00%(upstream:track)%00%(upstream:remotename)%00%(upstream:remoteref) refs/heads/main refs/remotes/main [8ms]
2023-09-25 15:38:55.394 [info] > git status -z -uall [186ms]
2023-09-25 15:38:55.400 [info] > git rev-parse --show-toplevel [201ms]
2023-09-25 15:38:55.922 [info] > git check-ignore -v -z --stdin [26ms]
2023-09-25 15:38:55.923 [info] > git config --get commit.template [18ms]
2023-09-25 15:38:55.970 [info] > git show --textconv :src/App.tsx [8ms]
2023-09-25 15:38:55.971 [info] > git ls-files --stage -- /home/daniel/Projects/node-spotify/src/App.tsx [3ms]
2023-09-25 15:38:55.992 [info] > git cat-file -s a53698aab3c66049c61980112dd0109dd2cd0845 [14ms]
2023-09-25 15:38:56.017 [info] > git for-each-ref --format=%(refname)%00%(upstream:short)%00%(objectname)%00%(upstream:track)%00%(upstream:remotename)%00%(upstream:remoteref) refs/heads/main refs/remotes/main [28ms]
2023-09-25 15:38:56.039 [info] > git status -z -uall [14ms]
2023-09-25 15:39:19.625 [info] > git check-ignore -v -z --stdin [1ms]
2023-09-25 15:43:34.397 [info] > git show --textconv :src/App.css [9ms]
2023-09-25 15:43:34.399 [info] > git ls-files --stage -- /home/daniel/Projects/node-spotify/src/App.css [2ms]
2023-09-25 15:43:34.408 [info] > git cat-file -s 74b5e053450a48a6bdb4d71aad648e7af821975c [1ms]
2023-09-25 15:46:56.083 [info] > git config --get commit.template [3ms]
2023-09-25 15:46:56.096 [info] > git for-each-ref --format=%(refname)%00%(upstream:short)%00%(objectname)%00%(upstream:track)%00%(upstream:remotename)%00%(upstream:remoteref) refs/heads/main refs/remotes/main [2ms]
2023-09-25 15:46:56.109 [info] > git status -z -uall [4ms]
2023-09-25 15:47:10.991 [info] > git config --get commit.template [11ms]
2023-09-25 15:47:10.991 [info] > git for-each-ref --format=%(refname)%00%(upstream:short)%00%(objectname)%00%(upstream:track)%00%(upstream:remotename)%00%(upstream:remoteref) refs/heads/main refs/remotes/main [1ms]
2023-09-25 15:47:11.002 [info] > git status -z -uall [3ms]
2023-09-25 16:43:25.924 [info] > git config --get commit.template [11ms]
2023-09-25 16:43:25.924 [info] > git for-each-ref --format=%(refname)%00%(upstream:short)%00%(objectname)%00%(upstream:track)%00%(upstream:remotename)%00%(upstream:remoteref) refs/heads/main refs/remotes/main [2ms]
2023-09-25 16:43:25.934 [info] > git status -z -uall [3ms]
2023-09-25 16:43:43.076 [info] > git config --get commit.template [12ms]
2023-09-25 16:43:43.077 [info] > git for-each-ref --format=%(refname)%00%(upstream:short)%00%(objectname)%00%(upstream:track)%00%(upstream:remotename)%00%(upstream:remoteref) refs/heads/main refs/remotes/main [2ms]
2023-09-25 16:43:43.090 [info] > git status -z -uall [4ms]
2023-09-25 16:44:06.653 [info] Log level: Info
2023-09-25 16:44:06.653 [info] Validating found git in: "git"
2023-09-25 16:44:06.653 [info] Using git "2.42.0" from "git"
2023-09-25 16:44:06.653 [info] > git rev-parse --show-toplevel [13ms]
2023-09-25 16:44:06.760 [info] > git rev-parse --git-dir --git-common-dir [97ms]
2023-09-25 16:44:06.770 [info] Open repository: /home/daniel/Projects/node-spotify
2023-09-25 16:44:07.358 [info] > git rev-parse --show-toplevel [24ms]
2023-09-25 16:44:07.359 [info] > git config --get commit.template [33ms]
2023-09-25 16:44:07.418 [info] > git rev-parse --show-toplevel [33ms]
2023-09-25 16:44:07.444 [info] > git for-each-ref --format=%(refname)%00%(upstream:short)%00%(objectname)%00%(upstream:track)%00%(upstream:remotename)%00%(upstream:remoteref) refs/heads/main refs/remotes/main [29ms]
2023-09-25 16:44:07.475 [info] > git status -z -uall [22ms]
2023-09-25 16:44:07.480 [info] > git rev-parse --show-toplevel [43ms]
2023-09-25 16:44:07.511 [info] > git show --textconv :src/App.tsx [21ms]
2023-09-25 16:44:07.517 [info] > git ls-files --stage -- /home/daniel/Projects/node-spotify/src/App.tsx [18ms]
2023-09-25 16:44:07.530 [info] > git cat-file -s a53698aab3c66049c61980112dd0109dd2cd0845 [4ms]
2023-09-25 16:44:07.531 [info] > git config --get commit.template [20ms]
2023-09-25 16:44:07.565 [info] > git for-each-ref --format=%(refname)%00%(upstream:short)%00%(objectname)%00%(upstream:track)%00%(upstream:remotename)%00%(upstream:remoteref) refs/heads/main refs/remotes/main [1ms]
2023-09-25 16:44:07.599 [info] > git status -z -uall [23ms]
2023-09-25 16:44:07.863 [info] > git check-ignore -v -z --stdin [1ms]
2023-09-25 16:52:36.633 [info] Log level: Info
2023-09-25 16:52:36.633 [info] Validating found git in: "git"
2023-09-25 16:52:36.633 [info] Using git "2.42.0" from "git"
2023-09-25 16:52:36.640 [info] > git rev-parse --show-toplevel [20ms]
2023-09-25 16:52:36.760 [info] > git rev-parse --git-dir --git-common-dir [6ms]
2023-09-25 16:52:36.781 [info] Open repository: /home/daniel/Projects/node-spotify
2023-09-25 16:52:36.817 [info] > git rev-parse --show-toplevel [7ms]
2023-09-25 16:52:36.818 [info] > git config --get commit.template [18ms]
2023-09-25 16:52:37.139 [info] > git rev-parse --show-toplevel [306ms]
2023-09-25 16:52:37.217 [info] > git for-each-ref --format=%(refname)%00%(upstream:short)%00%(objectname)%00%(upstream:track)%00%(upstream:remotename)%00%(upstream:remoteref) refs/heads/main refs/remotes/main [80ms]
2023-09-25 16:52:37.240 [info] > git rev-parse --show-toplevel [29ms]
2023-09-25 16:52:37.255 [info] > git status -z -uall [23ms]
2023-09-25 16:52:37.362 [info] > git check-ignore -v -z --stdin [3ms]
2023-09-25 16:52:37.367 [info] > git config --get commit.template [86ms]
2023-09-25 16:52:37.396 [info] > git for-each-ref --format=%(refname)%00%(upstream:short)%00%(objectname)%00%(upstream:track)%00%(upstream:remotename)%00%(upstream:remoteref) refs/heads/main refs/remotes/main [3ms]
2023-09-25 16:52:37.473 [info] > git status -z -uall [63ms]
2023-09-25 16:52:38.345 [info] > git show --textconv :src/App.tsx [18ms]
2023-09-25 16:52:38.347 [info] > git ls-files --stage -- /home/daniel/Projects/node-spotify/src/App.tsx [4ms]
2023-09-25 16:52:38.366 [info] > git cat-file -s a53698aab3c66049c61980112dd0109dd2cd0845 [3ms]
2023-09-25 16:54:17.586 [info] Log level: Info
2023-09-25 16:54:17.587 [info] Validating found git in: "git"
2023-09-25 16:54:17.587 [info] Using git "2.42.0" from "git"
2023-09-25 16:54:17.587 [info] > git rev-parse --show-toplevel [44ms]
2023-09-25 16:54:17.637 [info] > git rev-parse --git-dir --git-common-dir [17ms]
2023-09-25 16:54:17.654 [info] Open repository: /home/daniel/Projects/node-spotify
2023-09-25 16:54:17.683 [info] > git rev-parse --show-toplevel [1ms]
2023-09-25 16:54:17.685 [info] > git config --get commit.template [16ms]
2023-09-25 16:54:17.723 [info] > git for-each-ref --format=%(refname)%00%(upstream:short)%00%(objectname)%00%(upstream:track)%00%(upstream:remotename)%00%(upstream:remoteref) refs/heads/main refs/remotes/main [6ms]
2023-09-25 16:54:17.737 [info] > git rev-parse --show-toplevel [35ms]
2023-09-25 16:54:17.757 [info] > git status -z -uall [21ms]
2023-09-25 16:54:17.757 [info] > git rev-parse --show-toplevel [4ms]
2023-09-25 16:54:18.052 [info] > git config --get commit.template [249ms]
2023-09-25 16:54:19.341 [info] > git check-ignore -v -z --stdin [75ms]
2023-09-25 16:54:19.421 [info] > git for-each-ref --format=%(refname)%00%(upstream:short)%00%(objectname)%00%(upstream:track)%00%(upstream:remotename)%00%(upstream:remoteref) refs/heads/main refs/remotes/main [84ms]
2023-09-25 16:54:19.546 [info] > git status -z -uall [99ms]
2023-09-25 16:54:19.547 [info] > git show --textconv :src/App.tsx [39ms]
2023-09-25 16:54:19.547 [info] > git ls-files --stage -- /home/daniel/Projects/node-spotify/src/App.tsx [6ms]
2023-09-25 16:54:19.603 [info] > git cat-file -s a53698aab3c66049c61980112dd0109dd2cd0845 [38ms]
2023-09-25 16:57:36.563 [info] Log level: Info
2023-09-25 16:57:36.563 [info] Validating found git in: "git"
2023-09-25 16:57:36.563 [info] Using git "2.42.0" from "git"
2023-09-25 16:57:36.563 [info] > git rev-parse --show-toplevel [4ms]
2023-09-25 16:57:36.571 [info] > git rev-parse --git-dir --git-common-dir [1ms]
2023-09-25 16:57:36.577 [info] Open repository: /home/daniel/Projects/node-spotify
2023-09-25 16:57:36.600 [info] > git rev-parse --show-toplevel [7ms]
2023-09-25 16:57:36.601 [info] > git config --get commit.template [11ms]
2023-09-25 16:57:36.616 [info] > git rev-parse --show-toplevel [9ms]
2023-09-25 16:57:36.617 [info] > git for-each-ref --format=%(refname)%00%(upstream:short)%00%(objectname)%00%(upstream:track)%00%(upstream:remotename)%00%(upstream:remoteref) refs/heads/main refs/remotes/main [3ms]
2023-09-25 16:57:36.627 [info] > git status -z -uall [5ms]
2023-09-25 16:57:36.639 [info] > git config --get commit.template [3ms]
2023-09-25 16:57:36.821 [info] > git for-each-ref --format=%(refname)%00%(upstream:short)%00%(objectname)%00%(upstream:track)%00%(upstream:remotename)%00%(upstream:remoteref) refs/heads/main refs/remotes/main [177ms]
2023-09-25 16:57:37.245 [info] > git status -z -uall [418ms]
2023-09-25 16:57:37.245 [info] > git check-ignore -v -z --stdin [4ms]
2023-09-25 16:57:52.726 [info] > git show --textconv :src/App.tsx [16ms]
2023-09-25 16:57:52.732 [info] > git ls-files --stage -- /home/daniel/Projects/node-spotify/src/App.tsx [6ms]
2023-09-25 16:57:52.747 [info] > git cat-file -s a53698aab3c66049c61980112dd0109dd2cd0845 [1ms]
2023-09-25 16:57:52.805 [info] > git check-ignore -v -z --stdin [2ms]
