2023-09-25 14:24:54.827 [info] Log level: Info
2023-09-25 14:24:54.827 [info] Validating found git in: "git"
2023-09-25 14:24:54.827 [info] Using git "2.42.0" from "git"
2023-09-25 14:24:54.827 [info] > git rev-parse --show-toplevel [8ms]
2023-09-25 14:24:54.835 [info] > git rev-parse --git-dir --git-common-dir [1ms]
2023-09-25 14:24:54.859 [info] Open repository: /home/daniel/Projects/rust_ray_tracer
2023-09-25 14:24:54.884 [info] > git rev-parse --show-toplevel [7ms]
2023-09-25 14:24:54.885 [info] > git config --get commit.template [17ms]
2023-09-25 14:24:54.901 [info] > git rev-parse --show-toplevel [7ms]
2023-09-25 14:24:54.902 [info] > git for-each-ref --format=%(refname)%00%(upstream:short)%00%(objectname)%00%(upstream:track)%00%(upstream:remotename)%00%(upstream:remoteref) refs/heads/master refs/remotes/master [2ms]
2023-09-25 14:24:54.912 [info] > git status -z -uall [4ms]
2023-09-25 14:24:54.924 [info] > git config --get commit.template [1ms]
2023-09-25 14:24:54.993 [info] > git for-each-ref --format=%(refname)%00%(upstream:short)%00%(objectname)%00%(upstream:track)%00%(upstream:remotename)%00%(upstream:remoteref) refs/heads/master refs/remotes/master [1ms]
2023-09-25 14:24:55.000 [info] > git status -z -uall [1ms]
2023-09-25 14:24:55.404 [info] > git check-ignore -v -z --stdin [2ms]
2023-09-25 14:25:05.487 [info] > git check-ignore -v -z --stdin [2ms]
2023-09-25 14:25:06.552 [info] > git show --textconv :src/main.rs [7ms]
2023-09-25 14:25:06.553 [info] > git ls-files --stage -- /home/daniel/Projects/rust_ray_tracer/src/main.rs [1ms]
2023-09-25 14:25:06.560 [info] > git cat-file -s c78fe94395e30621e171a32e3edb8bb531ee49e3 [1ms]
2023-09-25 14:25:39.470 [info] > git show --textconv :src/main.rs [8ms]
2023-09-25 14:25:39.471 [info] > git ls-files --stage -- /home/daniel/Projects/rust_ray_tracer/src/main.rs [2ms]
2023-09-25 14:25:39.478 [info] > git cat-file -s c78fe94395e30621e171a32e3edb8bb531ee49e3 [1ms]
2023-09-25 14:26:03.939 [info] > git show --textconv :src/main.rs [14ms]
2023-09-25 14:26:03.941 [info] > git ls-files --stage -- /home/daniel/Projects/rust_ray_tracer/src/main.rs [3ms]
2023-09-25 14:26:03.950 [info] > git cat-file -s c78fe94395e30621e171a32e3edb8bb531ee49e3 [1ms]
2023-09-25 14:26:28.589 [info] > git check-ignore -v -z --stdin [2ms]
2023-09-25 14:27:11.648 [info] Log level: Info
2023-09-25 14:27:11.648 [info] Validating found git in: "git"
2023-09-25 14:27:11.648 [info] Using git "2.42.0" from "git"
2023-09-25 14:27:11.648 [info] > git rev-parse --show-toplevel [5ms]
2023-09-25 14:27:11.991 [info] > git rev-parse --git-dir --git-common-dir [2ms]
2023-09-25 14:27:12.000 [info] Open repository: /home/daniel/Projects/rust_ray_tracer
2023-09-25 14:27:12.036 [info] > git rev-parse --show-toplevel [5ms]
2023-09-25 14:27:12.036 [info] > git config --get commit.template [10ms]
2023-09-25 14:27:12.071 [info] > git rev-parse --show-toplevel [28ms]
2023-09-25 14:27:12.073 [info] > git for-each-ref --format=%(refname)%00%(upstream:short)%00%(objectname)%00%(upstream:track)%00%(upstream:remotename)%00%(upstream:remoteref) refs/heads/master refs/remotes/master [3ms]
2023-09-25 14:27:12.087 [info] > git status -z -uall [8ms]
2023-09-25 14:27:12.111 [info] > git config --get commit.template [14ms]
2023-09-25 14:27:12.120 [info] > git for-each-ref --format=%(refname)%00%(upstream:short)%00%(objectname)%00%(upstream:track)%00%(upstream:remotename)%00%(upstream:remoteref) refs/heads/master refs/remotes/master [2ms]
2023-09-25 14:27:12.131 [info] > git status -z -uall [5ms]
2023-09-25 14:29:15.466 [info] > git check-ignore -v -z --stdin [2ms]
2023-09-25 14:29:17.318 [info] > git show --textconv :src/main.rs [15ms]
2023-09-25 14:29:17.321 [info] > git ls-files --stage -- /home/daniel/Projects/rust_ray_tracer/src/main.rs [4ms]
2023-09-25 14:29:17.331 [info] > git cat-file -s c78fe94395e30621e171a32e3edb8bb531ee49e3 [1ms]
2023-09-25 14:30:17.373 [info] > git show --textconv :src/main.rs [14ms]
2023-09-25 14:30:17.375 [info] > git ls-files --stage -- /home/daniel/Projects/rust_ray_tracer/src/main.rs [3ms]
2023-09-25 14:30:17.387 [info] > git cat-file -s c78fe94395e30621e171a32e3edb8bb531ee49e3 [1ms]
2023-09-25 14:30:38.538 [info] > git show --textconv :Cargo.toml [15ms]
2023-09-25 14:30:38.540 [info] > git ls-files --stage -- /home/daniel/Projects/rust_ray_tracer/Cargo.toml [3ms]
2023-09-25 14:30:38.551 [info] > git cat-file -s 388210a24ccdccd29280ad48102b84e27534ba2a [1ms]
2023-09-25 14:31:11.634 [info] > git config --get commit.template [0ms]
2023-09-25 14:31:11.648 [info] > git for-each-ref --format=%(refname)%00%(upstream:short)%00%(objectname)%00%(upstream:track)%00%(upstream:remotename)%00%(upstream:remoteref) refs/heads/master refs/remotes/master [2ms]
2023-09-25 14:31:11.657 [info] > git status -z -uall [1ms]
2023-09-25 14:31:24.175 [info] > git config --get commit.template [1ms]
2023-09-25 14:31:24.184 [info] > git for-each-ref --format=%(refname)%00%(upstream:short)%00%(objectname)%00%(upstream:track)%00%(upstream:remotename)%00%(upstream:remoteref) refs/heads/master refs/remotes/master [1ms]
2023-09-25 14:31:24.193 [info] > git status -z -uall [2ms]
2023-09-25 14:31:29.203 [info] > git config --get commit.template [0ms]
2023-09-25 14:31:29.211 [info] > git for-each-ref --format=%(refname)%00%(upstream:short)%00%(objectname)%00%(upstream:track)%00%(upstream:remotename)%00%(upstream:remoteref) refs/heads/master refs/remotes/master [0ms]
2023-09-25 14:31:29.218 [info] > git status -z -uall [1ms]
