2023-09-25 14:24:48.232 [info] Using settings sync service https://vscode-sync.trafficmanager.net/
2023-09-25 14:24:48.232 [info] Auto Sync is enabled.
2023-09-25 14:24:48.232 [info] Auto Sync: Suspended until auth token is available.
2023-09-25 14:29:56.610 [info] Auto Sync: Triggered by Interval
2023-09-25 14:29:56.610 [info] Sync started.
2023-09-25 14:29:56.868 [info] Settings: Last sync resource does not exist locally.
2023-09-25 14:29:56.940 [info] Settings: No changes found during synchronizing settings.
2023-09-25 14:29:56.941 [info] Keybindings: Last sync resource does not exist locally.
2023-09-25 14:29:57.011 [info] Keybindings: No changes found during synchronizing keybindings.
2023-09-25 14:29:57.011 [info] Snippets: Last sync resource does not exist locally.
2023-09-25 14:29:57.042 [info] Snippets: No changes found during synchronizing snippets.
2023-09-25 14:29:57.043 [info] Tasks: Last sync resource does not exist locally.
2023-09-25 14:29:57.078 [info] Tasks: No changes found during synchronizing tasks.
2023-09-25 14:29:57.078 [info] GlobalState: Last sync resource does not exist locally.
2023-09-25 14:29:57.270 [info] GlobalState: Updated remote ui state. Added: github-danieldbaranov. Updated: memento/gettingStartedService,workbench.activity.pinnedViewlets2,workbench.statusbar.hidden.
2023-09-25 14:29:57.278 [info] GlobalState: Updated last synchronized ui state
2023-09-25 14:29:57.283 [info] Extensions: Last sync resource does not exist locally.
2023-09-25 14:29:57.461 [info] Extensions: Updated remote extensions. Removed: ["ms-vscode.powershell"].
2023-09-25 14:29:57.464 [info] Extensions: Updated last synchronized extensions.
2023-09-25 14:29:57.467 [info] Profiles: Last sync resource does not exist locally.
2023-09-25 14:29:57.528 [info] Profiles: No changes found during synchronizing profiles.
2023-09-25 14:29:57.530 [info] Sync done. Took 920ms
2023-09-25 14:30:08.200 [info] Auto Sync: Triggered by Activity
2023-09-25 14:30:08.200 [info] Sync started.
2023-09-25 14:30:08.247 [info] Settings: No changes found during synchronizing settings.
2023-09-25 14:30:08.251 [info] Keybindings: No changes found during synchronizing keybindings.
2023-09-25 14:30:08.253 [info] Snippets: No changes found during synchronizing snippets.
2023-09-25 14:30:08.254 [info] Tasks: No changes found during synchronizing tasks.
2023-09-25 14:30:08.256 [info] GlobalState: No changes found during synchronizing ui state.
2023-09-25 14:30:08.289 [info] Extensions: No changes found during synchronizing extensions.
2023-09-25 14:30:08.289 [info] Profiles: No changes found during synchronizing profiles.
2023-09-25 14:30:08.290 [info] Sync done. Took 91ms
2023-09-25 14:30:44.073 [info] Auto Sync: Triggered by Activity
2023-09-25 14:30:44.073 [info] Sync started.
2023-09-25 14:30:44.123 [info] Settings: No changes found during synchronizing settings.
2023-09-25 14:30:44.129 [info] Keybindings: No changes found during synchronizing keybindings.
2023-09-25 14:30:44.132 [info] Snippets: No changes found during synchronizing snippets.
2023-09-25 14:30:44.136 [info] Tasks: No changes found during synchronizing tasks.
2023-09-25 14:30:44.141 [info] GlobalState: No changes found during synchronizing ui state.
2023-09-25 14:30:44.182 [info] Extensions: No changes found during synchronizing extensions.
2023-09-25 14:30:44.183 [info] Profiles: No changes found during synchronizing profiles.
2023-09-25 14:30:44.183 [info] Sync done. Took 111ms
2023-09-25 14:31:12.421 [info] Auto Sync: Triggered by Activity
2023-09-25 14:31:12.422 [info] Sync started.
2023-09-25 14:31:12.468 [info] Settings: No changes found during synchronizing settings.
2023-09-25 14:31:12.470 [info] Keybindings: No changes found during synchronizing keybindings.
2023-09-25 14:31:12.472 [info] Snippets: No changes found during synchronizing snippets.
2023-09-25 14:31:12.473 [info] Tasks: No changes found during synchronizing tasks.
2023-09-25 14:31:12.610 [info] GlobalState: Updated remote ui state. Updated: workbench.explorer.views.state.hidden.
2023-09-25 14:31:12.611 [info] GlobalState: Updated last synchronized ui state
2023-09-25 14:31:12.770 [info] Extensions: Updated remote extensions. Added: ["rust-lang.rust-analyzer"].
2023-09-25 14:31:12.776 [info] Extensions: Updated last synchronized extensions.
2023-09-25 14:31:12.778 [info] Profiles: No changes found during synchronizing profiles.
2023-09-25 14:31:12.779 [info] Sync done. Took 357ms
