2023-09-25 14:24:48.636 [info] Configuration changed
2023-09-25 14:24:54.356 [info] Configuration changed
2023-09-25 14:25:06.326 [info] Active editor: file:///home/daniel/Projects/rust_ray_tracer/src/main.rs
2023-09-25 14:25:13.830 [info] /home/daniel/Projects/rust_ray_tracer/src/main.rs closed
2023-09-25 14:25:13.830 [info] /home/daniel/Projects/rust_ray_tracer/src/main.rs.git closed
2023-09-25 14:25:39.229 [info] Active editor: file:///home/daniel/Projects/rust_ray_tracer/src/main.rs
2023-09-25 14:25:54.324 [info] /home/daniel/Projects/rust_ray_tracer/src/main.rs closed
2023-09-25 14:25:54.325 [info] /home/daniel/Projects/rust_ray_tracer/src/main.rs.git closed
2023-09-25 14:26:03.705 [info] Active editor: file:///home/daniel/Projects/rust_ray_tracer/src/main.rs
2023-09-25 14:26:43.351 [info] Configuration changed
2023-09-25 14:27:00.880 [info] /home/daniel/Projects/rust_ray_tracer/src/main.rs closed
2023-09-25 14:27:00.880 [info] /home/daniel/Projects/rust_ray_tracer/src/main.rs.git closed
2023-09-25 14:27:11.654 [info] Configuration changed
2023-09-25 14:29:17.081 [info] Active editor: file:///home/daniel/Projects/rust_ray_tracer/src/main.rs
2023-09-25 14:29:40.710 [info] /home/daniel/Projects/rust_ray_tracer/src/main.rs closed
2023-09-25 14:29:40.710 [info] /home/daniel/Projects/rust_ray_tracer/src/main.rs.git closed
2023-09-25 14:29:56.932 [info] /home/daniel/.config/VSCodium/User/settings.json closed
2023-09-25 14:30:17.133 [info] Active editor: file:///home/daniel/Projects/rust_ray_tracer/src/main.rs
2023-09-25 14:30:38.301 [info] Active editor: file:///home/daniel/Projects/rust_ray_tracer/Cargo.toml
2023-09-25 14:30:46.206 [info] /home/daniel/Projects/rust_ray_tracer/Cargo.toml closed
2023-09-25 14:30:46.207 [info] /home/daniel/Projects/rust_ray_tracer/Cargo.toml.git closed
2023-09-25 14:31:09.968 [info] Configuration changed
2023-09-25 14:31:10.037 [info] Configuration changed
2023-09-25 14:31:14.378 [info] Configuration changed
2023-09-25 14:31:19.587 [info] Active editor: file:///home/daniel/Projects/rust_ray_tracer/src/main.rs
2023-09-25 14:32:07.803 [info] /home/daniel/.cargo/registry/src/index.crates.io-6f17d22bba15001f/pixels-0.13.0/src/lib.rs closed
