2023-09-25 14:32:21.744 [info] Reading sessions from keychain...
2023-09-25 14:32:21.744 [info] Getting sessions for all scopes...
2023-09-25 14:32:21.744 [info] Got stored sessions!
2023-09-25 14:32:21.744 [info] Got 1 verified sessions.
2023-09-25 14:32:21.744 [info] Got 1 sessions for ...
2023-09-25 14:32:21.744 [info] Getting sessions for all scopes...
2023-09-25 14:32:21.744 [info] Got 1 sessions for ...
2023-09-25 14:32:21.744 [info] Getting sessions for read:user...
2023-09-25 14:32:21.744 [info] Got 0 sessions for read:user...
2023-09-25 14:32:21.753 [info] Getting sessions for read:user,repo,user:email,workflow...
2023-09-25 14:32:21.753 [info] Got 0 sessions for read:user,repo,user:email,workflow...
2023-09-25 14:32:21.753 [info] Getting sessions for all scopes...
2023-09-25 14:32:21.753 [info] Got 1 sessions for ...
2023-09-25 14:32:21.753 [info] Getting sessions for user:email...
2023-09-25 14:32:21.753 [info] Got 1 sessions for user:email...
2023-09-25 14:32:21.753 [info] Getting sessions for user:email...
2023-09-25 14:32:21.753 [info] Got 1 sessions for user:email...
2023-09-25 14:32:21.753 [info] Getting sessions for read:user,repo,user:email,workflow...
2023-09-25 14:32:21.753 [info] Got 0 sessions for read:user,repo,user:email,workflow...
2023-09-25 14:32:21.782 [info] Getting sessions for user:email...
2023-09-25 14:32:21.783 [info] Got 1 sessions for user:email...
2023-09-25 14:32:21.799 [info] Getting sessions for read:user,repo,user:email...
2023-09-25 14:32:21.799 [info] Got 0 sessions for read:user,repo,user:email...
