2023-09-25 15:06:04.754 [info] Resuming cloud changes, reason: cloud changes enabled...
2023-09-25 15:06:04.754 [info] Checking for pending cloud changes...
2023-09-25 15:06:04.754 [info] Searching for existing authentication session with ID d2538b13f94b036c
2023-09-25 15:38:55.472 [info] Resuming cloud changes, reason: cloud changes enabled...
2023-09-25 15:38:55.472 [info] Checking for pending cloud changes...
2023-09-25 15:38:55.472 [info] Searching for existing authentication session with ID d2538b13f94b036c
2023-09-25 15:40:41.707 [info] Searching for existing authentication session with ID d2538b13f94b036c
2023-09-25 16:44:06.998 [info] Resuming cloud changes, reason: cloud changes enabled...
2023-09-25 16:44:06.998 [info] Checking for pending cloud changes...
2023-09-25 16:44:06.998 [info] Searching for existing authentication session with ID fca3d27136f724e9
2023-09-25 16:44:07.560 [info] Found existing authentication session with ID fca3d27136f724e9
2023-09-25 16:44:07.746 [info] Aborting resuming edit session as no edit session content is available to be applied
2023-09-25 16:52:38.629 [info] Resuming cloud changes, reason: cloud changes enabled...
2023-09-25 16:52:38.629 [info] Checking for pending cloud changes...
2023-09-25 16:52:38.629 [info] Searching for existing authentication session with ID fca3d27136f724e9
2023-09-25 16:52:38.632 [info] Found existing authentication session with ID fca3d27136f724e9
2023-09-25 16:52:38.947 [info] Aborting resuming edit session as no edit session content is available to be applied
2023-09-25 16:54:18.554 [info] Resuming cloud changes, reason: cloud changes enabled...
2023-09-25 16:54:18.554 [info] Checking for pending cloud changes...
2023-09-25 16:54:18.554 [info] Searching for existing authentication session with ID fca3d27136f724e9
2023-09-25 16:54:20.634 [info] Found existing authentication session with ID fca3d27136f724e9
2023-09-25 16:54:20.730 [info] Aborting resuming edit session as no edit session content is available to be applied
2023-09-25 16:57:36.702 [info] Resuming cloud changes, reason: cloud changes enabled...
2023-09-25 16:57:36.702 [info] Checking for pending cloud changes...
2023-09-25 16:57:36.702 [info] Searching for existing authentication session with ID fca3d27136f724e9
2023-09-25 16:57:37.257 [info] Found existing authentication session with ID fca3d27136f724e9
2023-09-25 16:57:37.399 [info] Aborting resuming edit session as no edit session content is available to be applied
