2023-09-25 14:24:48.067 [info] Added views:workbench.panel.markers.view in workbench.panel.markers
2023-09-25 14:24:48.067 [info] Added views:workbench.panel.output in workbench.panel.output
2023-09-25 14:24:48.067 [info] Added views:terminal in terminal
2023-09-25 14:24:48.067 [info] Added views:outline in workbench.view.explorer
2023-09-25 14:24:48.067 [info] Added views:workbench.scm in workbench.view.scm
2023-09-25 14:24:48.067 [info] Added views:workbench.view.search in workbench.view.search
2023-09-25 14:24:48.067 [info] Added views:timeline in workbench.view.explorer
2023-09-25 14:24:48.067 [info] Added views:workbench.explorer.fileView in workbench.view.explorer
2023-09-25 14:24:48.219 [info] Added views:pr:github,issues:github in workbench.view.extension.github-pull-requests
2023-09-25 14:24:48.279 [info] Added views:workbench.debug.variablesView,workbench.debug.watchExpressionsView,workbench.debug.callStackView,workbench.debug.breakPointsView in workbench.view.debug
2023-09-25 14:24:48.404 [info] Added views:~remote.forwardedPorts in ~remote.forwardedPortsContainer
2023-09-25 14:24:48.411 [info] Added views:workbench.panel.repl.view in workbench.panel.repl
2023-09-25 14:24:48.413 [info] Removed views:workbench.debug.breakPointsView,workbench.debug.callStackView,workbench.debug.watchExpressionsView,workbench.debug.variablesView from workbench.view.debug
2023-09-25 14:24:48.413 [info] Added views:workbench.debug.welcome in workbench.view.debug
2023-09-25 14:24:54.383 [info] Added views:PowerShellCommands in workbench.view.extension.PowerShell
2023-09-25 14:25:08.918 [info] Added views:workbench.views.extensions.installed,workbench.views.extensions.popular,extensions.recommendedList in workbench.view.extensions
2023-09-25 14:25:08.922 [info] Removed views:workbench.views.extensions.popular from workbench.view.extensions
2023-09-25 14:25:12.459 [info] Removed views:extensions.recommendedList,workbench.views.extensions.installed from workbench.view.extensions
2023-09-25 14:25:12.469 [info] Added views:workbench.views.extensions.marketplace in workbench.view.extensions
2023-09-25 14:25:33.888 [info] Removed views:workbench.views.extensions.marketplace from workbench.view.extensions
2023-09-25 14:25:33.904 [info] Added views:workbench.views.extensions.installed,extensions.recommendedList in workbench.view.extensions
2023-09-25 14:27:11.050 [info] Added views:workbench.panel.markers.view in workbench.panel.markers
2023-09-25 14:27:11.050 [info] Added views:workbench.panel.output in workbench.panel.output
2023-09-25 14:27:11.050 [info] Added views:terminal in terminal
2023-09-25 14:27:11.050 [info] Added views:outline in workbench.view.explorer
2023-09-25 14:27:11.050 [info] Added views:workbench.scm in workbench.view.scm
2023-09-25 14:27:11.050 [info] Added views:workbench.view.search in workbench.view.search
2023-09-25 14:27:11.050 [info] Added views:timeline in workbench.view.explorer
2023-09-25 14:27:11.050 [info] Added views:workbench.explorer.fileView in workbench.view.explorer
2023-09-25 14:27:11.159 [info] Added views:workbench.debug.welcome in workbench.view.debug
2023-09-25 14:27:11.226 [info] Added views:pr:github,issues:github in workbench.view.extension.github-pull-requests
2023-09-25 14:27:11.385 [info] Added views:workbench.panel.repl.view in workbench.panel.repl
2023-09-25 14:27:11.411 [info] Added views:~remote.forwardedPorts in ~remote.forwardedPortsContainer
2023-09-25 14:27:11.468 [info] Added views:workbench.views.extensions.installed,extensions.recommendedList in workbench.view.extensions
2023-09-25 14:28:14.169 [info] Removed views:extensions.recommendedList,workbench.views.extensions.installed from workbench.view.extensions
2023-09-25 14:28:14.179 [info] Added views:workbench.views.extensions.marketplace in workbench.view.extensions
2023-09-25 14:29:39.092 [info] Removed views:workbench.views.extensions.marketplace from workbench.view.extensions
2023-09-25 14:29:39.107 [info] Added views:workbench.views.extensions.installed,extensions.recommendedList in workbench.view.extensions
2023-09-25 14:30:43.761 [info] Removed views:extensions.recommendedList,workbench.views.extensions.installed from workbench.view.extensions
2023-09-25 14:30:43.769 [info] Added views:workbench.views.extensions.marketplace in workbench.view.extensions
2023-09-25 14:31:10.166 [info] Added views:rustDependencies in workbench.view.explorer
